<?xml version="1.0" encoding="UTF-8"?>
<testng-results ignored="0" total="10" passed="5" failed="2" skipped="3">
  <reporter-output>
  </reporter-output>
  <suite started-at="2022-09-29T09:02:26Z" name="Default suite" finished-at="2022-09-29T09:02:26Z" duration-ms="143">
    <groups>
      <group name="Regression">
        <method signature="DependsOnGroupsAndDependsOnMethods.testMethod2()[pri:0, instance:com.TestNGFramework.org.DependsOnGroupsAndDependsOnMethods@710c2b53]" name="testMethod2" class="com.TestNGFramework.org.DependsOnGroupsAndDependsOnMethods"/>
        <method signature="DependsOnGroupsAndDependsOnMethods.testMethod4()[pri:0, instance:com.TestNGFramework.org.DependsOnGroupsAndDependsOnMethods@710c2b53]" name="testMethod4" class="com.TestNGFramework.org.DependsOnGroupsAndDependsOnMethods"/>
        <method signature="DependsOnGroupsAndDependsOnMethods.testMethod5()[pri:0, instance:com.TestNGFramework.org.DependsOnGroupsAndDependsOnMethods@710c2b53]" name="testMethod5" class="com.TestNGFramework.org.DependsOnGroupsAndDependsOnMethods"/>
        <method signature="GroupsInTestNGExample1.testMethod2()[pri:0, instance:com.TestNGFramework.org.GroupsInTestNGExample1@2767e23c]" name="testMethod2" class="com.TestNGFramework.org.GroupsInTestNGExample1"/>
        <method signature="GroupsInTestNGExample1.testMethod4()[pri:0, instance:com.TestNGFramework.org.GroupsInTestNGExample1@2767e23c]" name="testMethod4" class="com.TestNGFramework.org.GroupsInTestNGExample1"/>
        <method signature="GroupsInTestNGExample1.testMethod5()[pri:0, instance:com.TestNGFramework.org.GroupsInTestNGExample1@2767e23c]" name="testMethod5" class="com.TestNGFramework.org.GroupsInTestNGExample1"/>
      </group> <!-- Regression -->
      <group name="Smoke">
        <method signature="DependsOnGroupsAndDependsOnMethods.testMethod1()[pri:0, instance:com.TestNGFramework.org.DependsOnGroupsAndDependsOnMethods@710c2b53]" name="testMethod1" class="com.TestNGFramework.org.DependsOnGroupsAndDependsOnMethods"/>
        <method signature="DependsOnGroupsAndDependsOnMethods.testMethod3()[pri:0, instance:com.TestNGFramework.org.DependsOnGroupsAndDependsOnMethods@710c2b53]" name="testMethod3" class="com.TestNGFramework.org.DependsOnGroupsAndDependsOnMethods"/>
        <method signature="GroupsInTestNGExample1.testMethod1()[pri:0, instance:com.TestNGFramework.org.GroupsInTestNGExample1@2767e23c]" name="testMethod1" class="com.TestNGFramework.org.GroupsInTestNGExample1"/>
        <method signature="GroupsInTestNGExample1.testMethod3()[pri:0, instance:com.TestNGFramework.org.GroupsInTestNGExample1@2767e23c]" name="testMethod3" class="com.TestNGFramework.org.GroupsInTestNGExample1"/>
      </group> <!-- Smoke -->
    </groups>
    <test started-at="2022-09-29T09:02:26Z" name="Default test" finished-at="2022-09-29T09:02:26Z" duration-ms="143">
      <class name="com.TestNGFramework.org.GroupsInTestNGExample1">
        <test-method signature="testMethod1()[pri:0, instance:com.TestNGFramework.org.GroupsInTestNGExample1@2767e23c]" started-at="2022-09-29T09:02:26Z" name="testMethod1" finished-at="2022-09-29T09:02:26Z" duration-ms="22" status="PASS">
          <reporter-output>
          </reporter-output>
        </test-method> <!-- testMethod1 -->
        <test-method signature="testMethod3()[pri:0, instance:com.TestNGFramework.org.GroupsInTestNGExample1@2767e23c]" started-at="2022-09-29T09:02:26Z" name="testMethod3" finished-at="2022-09-29T09:02:26Z" duration-ms="5" status="PASS">
          <reporter-output>
          </reporter-output>
        </test-method> <!-- testMethod3 -->
        <test-method signature="testMethod2()[pri:0, instance:com.TestNGFramework.org.GroupsInTestNGExample1@2767e23c]" started-at="2022-09-29T09:02:26Z" name="testMethod2" finished-at="2022-09-29T09:02:26Z" duration-ms="3" status="PASS">
          <reporter-output>
          </reporter-output>
        </test-method> <!-- testMethod2 -->
        <test-method signature="testMethod4()[pri:0, instance:com.TestNGFramework.org.GroupsInTestNGExample1@2767e23c]" started-at="2022-09-29T09:02:26Z" name="testMethod4" finished-at="2022-09-29T09:02:26Z" duration-ms="18" status="PASS">
          <reporter-output>
          </reporter-output>
        </test-method> <!-- testMethod4 -->
        <test-method signature="testMethod5()[pri:0, instance:com.TestNGFramework.org.GroupsInTestNGExample1@2767e23c]" started-at="2022-09-29T09:02:26Z" name="testMethod5" finished-at="2022-09-29T09:02:26Z" duration-ms="5" status="PASS">
          <reporter-output>
          </reporter-output>
        </test-method> <!-- testMethod5 -->
      </class> <!-- com.TestNGFramework.org.GroupsInTestNGExample1 -->
      <class name="com.TestNGFramework.org.DependsOnGroupsAndDependsOnMethods">
        <test-method signature="testMethod1()[pri:0, instance:com.TestNGFramework.org.DependsOnGroupsAndDependsOnMethods@710c2b53]" started-at="2022-09-29T09:02:26Z" name="testMethod1" finished-at="2022-09-29T09:02:26Z" duration-ms="6" status="FAIL">
          <exception class="java.lang.AssertionError">
            <message>
              <![CDATA[null]]>
            </message>
            <full-stacktrace>
              <![CDATA[java.lang.AssertionError: null
at org.testng.Assert.fail(Assert.java:96)
at org.testng.Assert.fail(Assert.java:103)
at com.TestNGFramework.org.DependsOnGroupsAndDependsOnMethods.testMethod1(DependsOnGroupsAndDependsOnMethods.java:10)
at java.base/jdk.internal.reflect.DirectMethodHandleAccessor.invoke(DirectMethodHandleAccessor.java:104)
at java.base/java.lang.reflect.Method.invoke(Method.java:577)
at org.testng.internal.MethodInvocationHelper.invokeMethod(MethodInvocationHelper.java:124)
at org.testng.internal.Invoker.invokeMethod(Invoker.java:583)
at org.testng.internal.Invoker.invokeTestMethod(Invoker.java:719)
at org.testng.internal.Invoker.invokeTestMethods(Invoker.java:989)
at org.testng.internal.TestMethodWorker.invokeTestMethods(TestMethodWorker.java:125)
at org.testng.internal.TestMethodWorker.run(TestMethodWorker.java:109)
at org.testng.TestRunner.privateRun(TestRunner.java:648)
at org.testng.TestRunner.run(TestRunner.java:505)
at org.testng.SuiteRunner.runTest(SuiteRunner.java:455)
at org.testng.SuiteRunner.runSequentially(SuiteRunner.java:450)
at org.testng.SuiteRunner.privateRun(SuiteRunner.java:415)
at org.testng.SuiteRunner.run(SuiteRunner.java:364)
at org.testng.SuiteRunnerWorker.runSuite(SuiteRunnerWorker.java:52)
at org.testng.SuiteRunnerWorker.run(SuiteRunnerWorker.java:84)
at org.testng.TestNG.runSuitesSequentially(TestNG.java:1208)
at org.testng.TestNG.runSuitesLocally(TestNG.java:1137)
at org.testng.TestNG.runSuites(TestNG.java:1049)
at org.testng.TestNG.run(TestNG.java:1017)
at org.testng.remote.AbstractRemoteTestNG.run(AbstractRemoteTestNG.java:115)
at org.testng.remote.RemoteTestNG.initAndRun(RemoteTestNG.java:251)
at org.testng.remote.RemoteTestNG.main(RemoteTestNG.java:77)
]]>
            </full-stacktrace>
          </exception> <!-- java.lang.AssertionError -->
          <reporter-output>
          </reporter-output>
        </test-method> <!-- testMethod1 -->
        <test-method signature="testMethod3()[pri:0, instance:com.TestNGFramework.org.DependsOnGroupsAndDependsOnMethods@710c2b53]" started-at="2022-09-29T09:02:26Z" name="testMethod3" finished-at="2022-09-29T09:02:26Z" duration-ms="2" status="FAIL">
          <exception class="java.lang.AssertionError">
            <message>
              <![CDATA[null]]>
            </message>
            <full-stacktrace>
              <![CDATA[java.lang.AssertionError: null
at org.testng.Assert.fail(Assert.java:96)
at org.testng.Assert.fail(Assert.java:103)
at com.TestNGFramework.org.DependsOnGroupsAndDependsOnMethods.testMethod3(DependsOnGroupsAndDependsOnMethods.java:21)
at java.base/jdk.internal.reflect.DirectMethodHandleAccessor.invoke(DirectMethodHandleAccessor.java:104)
at java.base/java.lang.reflect.Method.invoke(Method.java:577)
at org.testng.internal.MethodInvocationHelper.invokeMethod(MethodInvocationHelper.java:124)
at org.testng.internal.Invoker.invokeMethod(Invoker.java:583)
at org.testng.internal.Invoker.invokeTestMethod(Invoker.java:719)
at org.testng.internal.Invoker.invokeTestMethods(Invoker.java:989)
at org.testng.internal.TestMethodWorker.invokeTestMethods(TestMethodWorker.java:125)
at org.testng.internal.TestMethodWorker.run(TestMethodWorker.java:109)
at org.testng.TestRunner.privateRun(TestRunner.java:648)
at org.testng.TestRunner.run(TestRunner.java:505)
at org.testng.SuiteRunner.runTest(SuiteRunner.java:455)
at org.testng.SuiteRunner.runSequentially(SuiteRunner.java:450)
at org.testng.SuiteRunner.privateRun(SuiteRunner.java:415)
at org.testng.SuiteRunner.run(SuiteRunner.java:364)
at org.testng.SuiteRunnerWorker.runSuite(SuiteRunnerWorker.java:52)
at org.testng.SuiteRunnerWorker.run(SuiteRunnerWorker.java:84)
at org.testng.TestNG.runSuitesSequentially(TestNG.java:1208)
at org.testng.TestNG.runSuitesLocally(TestNG.java:1137)
at org.testng.TestNG.runSuites(TestNG.java:1049)
at org.testng.TestNG.run(TestNG.java:1017)
at org.testng.remote.AbstractRemoteTestNG.run(AbstractRemoteTestNG.java:115)
at org.testng.remote.RemoteTestNG.initAndRun(RemoteTestNG.java:251)
at org.testng.remote.RemoteTestNG.main(RemoteTestNG.java:77)
]]>
            </full-stacktrace>
          </exception> <!-- java.lang.AssertionError -->
          <reporter-output>
          </reporter-output>
        </test-method> <!-- testMethod3 -->
        <test-method signature="testMethod2()[pri:0, instance:com.TestNGFramework.org.DependsOnGroupsAndDependsOnMethods@710c2b53]" started-at="2022-09-29T09:02:26Z" name="testMethod2" depends-on-groups="Smoke" finished-at="2022-09-29T09:02:26Z" duration-ms="0" status="SKIP">
          <exception class="java.lang.Throwable">
            <message>
              <![CDATA[Method DependsOnGroupsAndDependsOnMethods.testMethod2()[pri:0, instance:com.TestNGFramework.org.DependsOnGroupsAndDependsOnMethods@710c2b53] depends on not successfully finished methods in group "Smoke"]]>
            </message>
            <full-stacktrace>
              <![CDATA[java.lang.Throwable: Method DependsOnGroupsAndDependsOnMethods.testMethod2()[pri:0, instance:com.TestNGFramework.org.DependsOnGroupsAndDependsOnMethods@710c2b53] depends on not successfully finished methods in group "Smoke"
at org.testng.internal.Invoker.invokeTestMethods(Invoker.java:888)
at org.testng.internal.TestMethodWorker.invokeTestMethods(TestMethodWorker.java:125)
at org.testng.internal.TestMethodWorker.run(TestMethodWorker.java:109)
at org.testng.TestRunner.privateRun(TestRunner.java:648)
at org.testng.TestRunner.run(TestRunner.java:505)
at org.testng.SuiteRunner.runTest(SuiteRunner.java:455)
at org.testng.SuiteRunner.runSequentially(SuiteRunner.java:450)
at org.testng.SuiteRunner.privateRun(SuiteRunner.java:415)
at org.testng.SuiteRunner.run(SuiteRunner.java:364)
at org.testng.SuiteRunnerWorker.runSuite(SuiteRunnerWorker.java:52)
at org.testng.SuiteRunnerWorker.run(SuiteRunnerWorker.java:84)
at org.testng.TestNG.runSuitesSequentially(TestNG.java:1208)
at org.testng.TestNG.runSuitesLocally(TestNG.java:1137)
at org.testng.TestNG.runSuites(TestNG.java:1049)
at org.testng.TestNG.run(TestNG.java:1017)
at org.testng.remote.AbstractRemoteTestNG.run(AbstractRemoteTestNG.java:115)
at org.testng.remote.RemoteTestNG.initAndRun(RemoteTestNG.java:251)
at org.testng.remote.RemoteTestNG.main(RemoteTestNG.java:77)
]]>
            </full-stacktrace>
          </exception> <!-- java.lang.Throwable -->
          <reporter-output>
          </reporter-output>
        </test-method> <!-- testMethod2 -->
        <test-method signature="testMethod4()[pri:0, instance:com.TestNGFramework.org.DependsOnGroupsAndDependsOnMethods@710c2b53]" started-at="2022-09-29T09:02:26Z" name="testMethod4" depends-on-groups="Smoke" finished-at="2022-09-29T09:02:26Z" duration-ms="0" status="SKIP">
          <exception class="java.lang.Throwable">
            <message>
              <![CDATA[Method DependsOnGroupsAndDependsOnMethods.testMethod4()[pri:0, instance:com.TestNGFramework.org.DependsOnGroupsAndDependsOnMethods@710c2b53] depends on not successfully finished methods in group "Smoke"]]>
            </message>
            <full-stacktrace>
              <![CDATA[java.lang.Throwable: Method DependsOnGroupsAndDependsOnMethods.testMethod4()[pri:0, instance:com.TestNGFramework.org.DependsOnGroupsAndDependsOnMethods@710c2b53] depends on not successfully finished methods in group "Smoke"
at org.testng.internal.Invoker.invokeTestMethods(Invoker.java:888)
at org.testng.internal.TestMethodWorker.invokeTestMethods(TestMethodWorker.java:125)
at org.testng.internal.TestMethodWorker.run(TestMethodWorker.java:109)
at org.testng.TestRunner.privateRun(TestRunner.java:648)
at org.testng.TestRunner.run(TestRunner.java:505)
at org.testng.SuiteRunner.runTest(SuiteRunner.java:455)
at org.testng.SuiteRunner.runSequentially(SuiteRunner.java:450)
at org.testng.SuiteRunner.privateRun(SuiteRunner.java:415)
at org.testng.SuiteRunner.run(SuiteRunner.java:364)
at org.testng.SuiteRunnerWorker.runSuite(SuiteRunnerWorker.java:52)
at org.testng.SuiteRunnerWorker.run(SuiteRunnerWorker.java:84)
at org.testng.TestNG.runSuitesSequentially(TestNG.java:1208)
at org.testng.TestNG.runSuitesLocally(TestNG.java:1137)
at org.testng.TestNG.runSuites(TestNG.java:1049)
at org.testng.TestNG.run(TestNG.java:1017)
at org.testng.remote.AbstractRemoteTestNG.run(AbstractRemoteTestNG.java:115)
at org.testng.remote.RemoteTestNG.initAndRun(RemoteTestNG.java:251)
at org.testng.remote.RemoteTestNG.main(RemoteTestNG.java:77)
]]>
            </full-stacktrace>
          </exception> <!-- java.lang.Throwable -->
          <reporter-output>
          </reporter-output>
        </test-method> <!-- testMethod4 -->
        <test-method signature="testMethod5()[pri:0, instance:com.TestNGFramework.org.DependsOnGroupsAndDependsOnMethods@710c2b53]" started-at="2022-09-29T09:02:26Z" name="testMethod5" depends-on-groups="Smoke" finished-at="2022-09-29T09:02:26Z" duration-ms="0" status="SKIP">
          <exception class="java.lang.Throwable">
            <message>
              <![CDATA[Method DependsOnGroupsAndDependsOnMethods.testMethod5()[pri:0, instance:com.TestNGFramework.org.DependsOnGroupsAndDependsOnMethods@710c2b53] depends on not successfully finished methods in group "Smoke"]]>
            </message>
            <full-stacktrace>
              <![CDATA[java.lang.Throwable: Method DependsOnGroupsAndDependsOnMethods.testMethod5()[pri:0, instance:com.TestNGFramework.org.DependsOnGroupsAndDependsOnMethods@710c2b53] depends on not successfully finished methods in group "Smoke"
at org.testng.internal.Invoker.invokeTestMethods(Invoker.java:888)
at org.testng.internal.TestMethodWorker.invokeTestMethods(TestMethodWorker.java:125)
at org.testng.internal.TestMethodWorker.run(TestMethodWorker.java:109)
at org.testng.TestRunner.privateRun(TestRunner.java:648)
at org.testng.TestRunner.run(TestRunner.java:505)
at org.testng.SuiteRunner.runTest(SuiteRunner.java:455)
at org.testng.SuiteRunner.runSequentially(SuiteRunner.java:450)
at org.testng.SuiteRunner.privateRun(SuiteRunner.java:415)
at org.testng.SuiteRunner.run(SuiteRunner.java:364)
at org.testng.SuiteRunnerWorker.runSuite(SuiteRunnerWorker.java:52)
at org.testng.SuiteRunnerWorker.run(SuiteRunnerWorker.java:84)
at org.testng.TestNG.runSuitesSequentially(TestNG.java:1208)
at org.testng.TestNG.runSuitesLocally(TestNG.java:1137)
at org.testng.TestNG.runSuites(TestNG.java:1049)
at org.testng.TestNG.run(TestNG.java:1017)
at org.testng.remote.AbstractRemoteTestNG.run(AbstractRemoteTestNG.java:115)
at org.testng.remote.RemoteTestNG.initAndRun(RemoteTestNG.java:251)
at org.testng.remote.RemoteTestNG.main(RemoteTestNG.java:77)
]]>
            </full-stacktrace>
          </exception> <!-- java.lang.Throwable -->
          <reporter-output>
          </reporter-output>
        </test-method> <!-- testMethod5 -->
      </class> <!-- com.TestNGFramework.org.DependsOnGroupsAndDependsOnMethods -->
    </test> <!-- Default test -->
  </suite> <!-- Default suite -->
</testng-results>
